<?xml version="1.0" encoding="UTF-8"?>
<!-- Generated by org.testng.reporters.JUnitReportReporter -->
<testsuite hostname="LAPTOP-BGEO63M0" failures="0" tests="1" name="com.example.demo.test.Bai1_DuckDuckGo" time="14.574" errors="0" timestamp="2025-10-24T14:23:12 ICT" skipped="0">
  <testcase classname="com.example.demo.test.Bai1_DuckDuckGo" name="testDuckDuckGoSearch" time="14.574"/>
</testsuite> <!-- com.example.demo.test.Bai1_DuckDuckGo -->
