<?xml version="1.0" encoding="UTF-8"?>
<!-- Generated by org.testng.reporters.JUnitReportReporter -->
<testsuite hostname="LAPTOP-BGEO63M0" failures="0" tests="11" name="com.example.demo.auth.service.impl.AuthServiceImplTestNG" time="4.535" errors="0" timestamp="2025-10-24T05:24:43 ICT" skipped="0">
  <testcase classname="com.example.demo.auth.service.impl.AuthServiceImplTestNG" name="activateUserAccount_AlreadyActive" time="0.107"/>
  <testcase classname="com.example.demo.auth.service.impl.AuthServiceImplTestNG" name="login_UserNotFound" time="0.010"/>
  <testcase classname="com.example.demo.auth.service.impl.AuthServiceImplTestNG" name="login_UserNotActive_Suspended" time="0.009"/>
  <testcase classname="com.example.demo.auth.service.impl.AuthServiceImplTestNG" name="activateUserAccount_InvalidToken" time="0.008"/>
  <testcase classname="com.example.demo.auth.service.impl.AuthServiceImplTestNG" name="registerCustomer_Success" time="0.014"/>
  <testcase classname="com.example.demo.auth.service.impl.AuthServiceImplTestNG" name="registerCustomer_EmailExists" time="0.012"/>
  <testcase classname="com.example.demo.auth.service.impl.AuthServiceImplTestNG" name="activateUserAccount_ExpiredToken" time="4.312"/>
  <testcase classname="com.example.demo.auth.service.impl.AuthServiceImplTestNG" name="login_Success" time="0.031"/>
  <testcase classname="com.example.demo.auth.service.impl.AuthServiceImplTestNG" name="registerCustomer_PhoneExists" time="0.011"/>
  <testcase classname="com.example.demo.auth.service.impl.AuthServiceImplTestNG" name="activateUserAccount_Success" time="0.011"/>
  <testcase classname="com.example.demo.auth.service.impl.AuthServiceImplTestNG" name="login_UserNotActive_PendingActivation" time="0.010"/>
</testsuite> <!-- com.example.demo.auth.service.impl.AuthServiceImplTestNG -->
