<?xml version="1.0" encoding="UTF-8"?>
<!-- Generated by org.testng.reporters.JUnitReportReporter -->
<testsuite hostname="LAPTOP-BGEO63M0" failures="0" tests="9" name="com.example.demo.notification.service.impl.NotificationServiceImplTestNG" time="1.666" errors="0" timestamp="2025-10-24T05:25:05 ICT" skipped="0">
  <testcase classname="com.example.demo.notification.service.impl.NotificationServiceImplTestNG" name="createNotification_Success" time="0.066"/>
  <testcase classname="com.example.demo.notification.service.impl.NotificationServiceImplTestNG" name="markNotificationAsRead_NotificationNotFound" time="0.006"/>
  <testcase classname="com.example.demo.notification.service.impl.NotificationServiceImplTestNG" name="markNotificationAsRead_Success" time="0.006"/>
  <testcase classname="com.example.demo.notification.service.impl.NotificationServiceImplTestNG" name="getNotificationsForUser_Success" time="0.042"/>
  <testcase classname="com.example.demo.notification.service.impl.NotificationServiceImplTestNG" name="markAllAsReadForUser_Success" time="1.517"/>
  <testcase classname="com.example.demo.notification.service.impl.NotificationServiceImplTestNG" name="markAllAsReadForUser_UserNotFound" time="0.006"/>
  <testcase classname="com.example.demo.notification.service.impl.NotificationServiceImplTestNG" name="markNotificationAsRead_AccessDenied" time="0.006"/>
  <testcase classname="com.example.demo.notification.service.impl.NotificationServiceImplTestNG" name="markNotificationAsRead_AlreadyRead" time="0.007"/>
  <testcase classname="com.example.demo.notification.service.impl.NotificationServiceImplTestNG" name="getNotificationsForUser_UserNotFound" time="0.010"/>
</testsuite> <!-- com.example.demo.notification.service.impl.NotificationServiceImplTestNG -->
